ubhj
{"level":"error","timestamp":"2023-03-24T09:46:59.871Z"}
{"level":"error","metadata":{"timestamp":"2023-03-24T09:49:35.603Z"}}
{"level":"error","timestamp":"2023-03-24T09:56:31.934Z"}
{"level":"error","timestamp":"2023-03-24T09:57:48.432Z"}
{"level":"error","timestamp":"2023-03-24T09:58:42.719Z"}
{"level":"error","timestamp":"2023-03-24T09:58:59.234Z"}
{"level":"error","timestamp":"2023-03-24T09:59:32.193Z"}
{"level":"error","message":{"secretKey":"Shiva1234@","userId":2},"timestamp":"2023-03-24T10:01:35.674Z"}
{"level":"error","message":{"secretKey":"Shiva1234@","userId":2},"timestamp":"2023-03-24T10:04:37.653Z"}
{"level":"error","message":"testFri Mar 24 2023 15:36:18 GMT+0530 (India Standard Time)","timestamp":"2023-03-24T10:06:18.092Z"}
{"level":"error","timestamp":"2023-03-24T12:11:15.761Z"}
{"level":"error","timestamp":"2023-03-27T01:47:47.942Z"}
{"level":"error","timestamp":"2023-03-27T01:48:55.302Z"}
{"code":"ERR_HTTP_HEADERS_SENT","level":"error","timestamp":"2023-03-27T10:43:02.535Z"}
{"code":"ERR_HTTP_HEADERS_SENT","level":"error","timestamp":"2023-03-27T10:44:22.155Z"}
{"level":"error","timestamp":"2023-04-05T07:23:38.181Z"}
{"level":"error","timestamp":"2023-04-05T07:23:40.819Z"}
{"level":"error","timestamp":"2023-04-05T07:23:41.696Z"}
{"level":"error","timestamp":"2023-05-17T05:41:18.017Z"}
{"level":"error","timestamp":"2023-05-17T05:41:36.122Z"}
{"level":"error","timestamp":"2023-05-17T05:46:29.234Z"}
{"level":"error","timestamp":"2023-05-17T05:46:33.614Z"}
{"level":"error","timestamp":"2023-05-17T05:53:24.605Z"}
{"level":"error","timestamp":"2023-05-17T05:53:25.538Z"}
{"level":"error","timestamp":"2023-05-17T05:53:28.365Z"}
{"level":"error","timestamp":"2023-05-17T05:55:18.709Z"}
{"level":"error","timestamp":"2023-05-17T05:55:20.726Z"}
{"level":"error","timestamp":"2023-05-17T05:55:21.575Z"}
{"level":"error","timestamp":"2023-05-22T09:37:36.435Z"}
